<?xml version="1.0" ?>
<coverage version="7.14.1" timestamp="1781415066724" lines-valid="79" lines-covered="77" line-rate="0.9747" branches-covered="0" branches-valid="0" branch-rate="0" complexity="0">
	<!-- Generated by coverage.py: https://coverage.readthedocs.io/en/7.14.1 -->
	<!-- Based on https://raw.githubusercontent.com/cobertura/web/master/htdocs/xml/coverage-04.dtd -->
	<sources>
		<source>C:\Users\luisy\backend_DS2</source>
	</sources>
	<packages>
		<package name="." line-rate="0.8182" branch-rate="0" complexity="0">
			<classes>
				<class name="manage.py" filename="manage.py" complexity="0" line-rate="0.8182" branch-rate="0">
					<methods/>
					<lines>
						<line number="3" hits="1"/>
						<line number="4" hits="1"/>
						<line number="7" hits="1"/>
						<line number="9" hits="1"/>
						<line number="10" hits="1"/>
						<line number="11" hits="1"/>
						<line number="12" hits="0"/>
						<line number="13" hits="0"/>
						<line number="18" hits="1"/>
						<line number="21" hits="1"/>
						<line number="22" hits="1"/>
					</lines>
				</class>
			</classes>
		</package>
		<package name="core" line-rate="1" branch-rate="0" complexity="0">
			<classes>
				<class name="__init__.py" filename="core/__init__.py" complexity="0" line-rate="1" branch-rate="0">
					<methods/>
					<lines/>
				</class>
				<class name="admin.py" filename="core/admin.py" complexity="0" line-rate="1" branch-rate="0">
					<methods/>
					<lines>
						<line number="1" hits="1"/>
					</lines>
				</class>
				<class name="apps.py" filename="core/apps.py" complexity="0" line-rate="1" branch-rate="0">
					<methods/>
					<lines>
						<line number="1" hits="1"/>
						<line number="4" hits="1"/>
						<line number="5" hits="1"/>
						<line number="6" hits="1"/>
					</lines>
				</class>
				<class name="models.py" filename="core/models.py" complexity="0" line-rate="1" branch-rate="0">
					<methods/>
					<lines>
						<line number="1" hits="1"/>
					</lines>
				</class>
				<class name="tests.py" filename="core/tests.py" complexity="0" line-rate="1" branch-rate="0">
					<methods/>
					<lines>
						<line number="1" hits="1"/>
						<line number="2" hits="1"/>
						<line number="5" hits="1"/>
						<line number="6" hits="1"/>
						<line number="7" hits="1"/>
						<line number="9" hits="1"/>
						<line number="10" hits="1"/>
						<line number="12" hits="1"/>
						<line number="13" hits="1"/>
						<line number="14" hits="1"/>
						<line number="17" hits="1"/>
						<line number="18" hits="1"/>
						<line number="19" hits="1"/>
						<line number="21" hits="1"/>
						<line number="22" hits="1"/>
						<line number="24" hits="1"/>
						<line number="25" hits="1"/>
						<line number="28" hits="1"/>
						<line number="29" hits="1"/>
						<line number="30" hits="1"/>
						<line number="32" hits="1"/>
						<line number="33" hits="1"/>
						<line number="35" hits="1"/>
						<line number="36" hits="1"/>
						<line number="39" hits="1"/>
						<line number="40" hits="1"/>
						<line number="41" hits="1"/>
						<line number="43" hits="1"/>
						<line number="44" hits="1"/>
						<line number="45" hits="1"/>
					</lines>
				</class>
				<class name="utils.py" filename="core/utils.py" complexity="0" line-rate="1" branch-rate="0">
					<methods/>
					<lines>
						<line number="1" hits="1"/>
						<line number="2" hits="1"/>
						<line number="3" hits="1"/>
						<line number="4" hits="1"/>
						<line number="6" hits="1"/>
						<line number="7" hits="1"/>
						<line number="9" hits="1"/>
						<line number="10" hits="1"/>
						<line number="12" hits="1"/>
						<line number="13" hits="1"/>
						<line number="14" hits="1"/>
						<line number="15" hits="1"/>
					</lines>
				</class>
			</classes>
		</package>
		<package name="core.migrations" line-rate="1" branch-rate="0" complexity="0">
			<classes>
				<class name="__init__.py" filename="core/migrations/__init__.py" complexity="0" line-rate="1" branch-rate="0">
					<methods/>
					<lines/>
				</class>
			</classes>
		</package>
		<package name="floz_back" line-rate="1" branch-rate="0" complexity="0">
			<classes>
				<class name="__init__.py" filename="floz_back/__init__.py" complexity="0" line-rate="1" branch-rate="0">
					<methods/>
					<lines/>
				</class>
				<class name="settings.py" filename="floz_back/settings.py" complexity="0" line-rate="1" branch-rate="0">
					<methods/>
					<lines>
						<line number="13" hits="1"/>
						<line number="16" hits="1"/>
						<line number="23" hits="1"/>
						<line number="26" hits="1"/>
						<line number="28" hits="1"/>
						<line number="33" hits="1"/>
						<line number="43" hits="1"/>
						<line number="53" hits="1"/>
						<line number="55" hits="1"/>
						<line number="70" hits="1"/>
						<line number="76" hits="1"/>
						<line number="87" hits="1"/>
						<line number="106" hits="1"/>
						<line number="108" hits="1"/>
						<line number="110" hits="1"/>
						<line number="112" hits="1"/>
						<line number="118" hits="1"/>
					</lines>
				</class>
				<class name="urls.py" filename="floz_back/urls.py" complexity="0" line-rate="1" branch-rate="0">
					<methods/>
					<lines>
						<line number="17" hits="1"/>
						<line number="18" hits="1"/>
						<line number="20" hits="1"/>
					</lines>
				</class>
			</classes>
		</package>
	</packages>
</coverage>
